[10] Log opened at 2025-05-06 11:50:53.120986
[10] [Config] INFO: Control socket set up successfully: '@xdebug-ctrl.10'
[10] [Step Debug] INFO: Connecting to configured address/port: host.docker.internal:9003.
[10] [Step Debug] WARN: Creating socket for 'host.docker.internal:9003', getaddrinfo: Success.
[10] [Step Debug] ERR: Could not connect to debugging client. Tried: host.docker.internal:9003 (through xdebug.client_host/xdebug.client_port).
[10] [Step Debug] INFO: Connecting to configured address/port: host.docker.internal:9003.
[10] [Step Debug] WARN: Creating socket for 'host.docker.internal:9003', getaddrinfo: Permission denied.
[10] [Step Debug] ERR: Could not connect to debugging client. Tried: host.docker.internal:9003 (through xdebug.client_host/xdebug.client_port).
[10] [Step Debug] INFO: Connecting to configured address/port: host.docker.internal:9003.
[10] [Step Debug] WARN: Creating socket for 'host.docker.internal:9003', getaddrinfo: Success.
[10] [Step Debug] ERR: Could not connect to debugging client. Tried: host.docker.internal:9003 (through xdebug.client_host/xdebug.client_port).
[10] [Step Debug] INFO: Connecting to configured address/port: host.docker.internal:9003.
[10] [Step Debug] WARN: Creating socket for 'host.docker.internal:9003', getaddrinfo: Success.
[10] [Step Debug] ERR: Could not connect to debugging client. Tried: host.docker.internal:9003 (through xdebug.client_host/xdebug.client_port).
[10] [Step Debug] INFO: Connecting to configured address/port: host.docker.internal:9003.
[10] [Step Debug] WARN: Creating socket for 'host.docker.internal:9003', getaddrinfo: Success.
[10] [Step Debug] ERR: Could not connect to debugging client. Tried: host.docker.internal:9003 (through xdebug.client_host/xdebug.client_port).
[10] Log closed at 2025-05-06 11:50:53.969110

[10] Log opened at 2025-05-06 11:54:40.306122
[10] [Config] INFO: Control socket set up successfully: '@xdebug-ctrl.10'
[10] [Step Debug] INFO: Connecting to configured address/port: host.docker.internal:9003.
[10] [Step Debug] WARN: Creating socket for 'host.docker.internal:9003', getaddrinfo: Success.
[10] [Step Debug] ERR: Could not connect to debugging client. Tried: host.docker.internal:9003 (through xdebug.client_host/xdebug.client_port).
[10] [Step Debug] INFO: Connecting to configured address/port: host.docker.internal:9003.
[10] [Step Debug] WARN: Creating socket for 'host.docker.internal:9003', getaddrinfo: Permission denied.
[10] [Step Debug] ERR: Could not connect to debugging client. Tried: host.docker.internal:9003 (through xdebug.client_host/xdebug.client_port).
[10] [Step Debug] INFO: Connecting to configured address/port: host.docker.internal:9003.
[10] [Step Debug] WARN: Creating socket for 'host.docker.internal:9003', getaddrinfo: Success.
[10] [Step Debug] ERR: Could not connect to debugging client. Tried: host.docker.internal:9003 (through xdebug.client_host/xdebug.client_port).
[10] [Step Debug] INFO: Connecting to configured address/port: host.docker.internal:9003.
[10] [Step Debug] WARN: Creating socket for 'host.docker.internal:9003', getaddrinfo: Success.
[10] [Step Debug] ERR: Could not connect to debugging client. Tried: host.docker.internal:9003 (through xdebug.client_host/xdebug.client_port).
[10] [Step Debug] INFO: Connecting to configured address/port: host.docker.internal:9003.
[10] [Step Debug] WARN: Creating socket for 'host.docker.internal:9003', getaddrinfo: Success.
[10] [Step Debug] ERR: Could not connect to debugging client. Tried: host.docker.internal:9003 (through xdebug.client_host/xdebug.client_port).
[10] Log closed at 2025-05-06 11:54:41.980173

[10] Log opened at 2025-05-06 11:59:32.355608
[10] [Config] INFO: Control socket set up successfully: '@xdebug-ctrl.10'
[10] [Step Debug] INFO: Connecting to configured address/port: host.docker.internal:9003.
[10] [Step Debug] WARN: Creating socket for 'host.docker.internal:9003', getaddrinfo: Success.
[10] [Step Debug] ERR: Could not connect to debugging client. Tried: host.docker.internal:9003 (through xdebug.client_host/xdebug.client_port).
[10] [Step Debug] INFO: Connecting to configured address/port: host.docker.internal:9003.
[10] [Step Debug] WARN: Creating socket for 'host.docker.internal:9003', getaddrinfo: No such file or directory.
[10] [Step Debug] ERR: Could not connect to debugging client. Tried: host.docker.internal:9003 (through xdebug.client_host/xdebug.client_port).
[10] [Step Debug] INFO: Connecting to configured address/port: host.docker.internal:9003.
[10] [Step Debug] WARN: Creating socket for 'host.docker.internal:9003', getaddrinfo: Success.
[10] [Step Debug] ERR: Could not connect to debugging client. Tried: host.docker.internal:9003 (through xdebug.client_host/xdebug.client_port).
[10] [Step Debug] INFO: Connecting to configured address/port: host.docker.internal:9003.
[10] [Step Debug] WARN: Creating socket for 'host.docker.internal:9003', getaddrinfo: Success.
[10] [Step Debug] ERR: Could not connect to debugging client. Tried: host.docker.internal:9003 (through xdebug.client_host/xdebug.client_port).
[10] [Step Debug] INFO: Connecting to configured address/port: host.docker.internal:9003.
[10] [Step Debug] WARN: Creating socket for 'host.docker.internal:9003', getaddrinfo: Success.
[10] [Step Debug] ERR: Could not connect to debugging client. Tried: host.docker.internal:9003 (through xdebug.client_host/xdebug.client_port).
[10] Log closed at 2025-05-06 11:59:34.708580

[11] Log opened at 2025-05-06 11:59:37.122718
[11] [Config] INFO: Control socket set up successfully: '@xdebug-ctrl.11'
[11] [Step Debug] INFO: Connecting to configured address/port: host.docker.internal:9003.
[11] [Step Debug] WARN: Creating socket for 'host.docker.internal:9003', getaddrinfo: Success.
[11] [Step Debug] ERR: Could not connect to debugging client. Tried: host.docker.internal:9003 (through xdebug.client_host/xdebug.client_port).
[11] [Step Debug] INFO: Connecting to configured address/port: host.docker.internal:9003.
[11] [Step Debug] WARN: Creating socket for 'host.docker.internal:9003', getaddrinfo: No such file or directory.
[11] [Step Debug] ERR: Could not connect to debugging client. Tried: host.docker.internal:9003 (through xdebug.client_host/xdebug.client_port).
[11] [Step Debug] INFO: Connecting to configured address/port: host.docker.internal:9003.
[11] [Step Debug] WARN: Creating socket for 'host.docker.internal:9003', getaddrinfo: Success.
[11] [Step Debug] ERR: Could not connect to debugging client. Tried: host.docker.internal:9003 (through xdebug.client_host/xdebug.client_port).
[11] [Step Debug] INFO: Connecting to configured address/port: host.docker.internal:9003.
[11] [Step Debug] WARN: Creating socket for 'host.docker.internal:9003', getaddrinfo: Success.
[11] [Step Debug] ERR: Could not connect to debugging client. Tried: host.docker.internal:9003 (through xdebug.client_host/xdebug.client_port).
[11] [Step Debug] INFO: Connecting to configured address/port: host.docker.internal:9003.
[11] [Step Debug] WARN: Creating socket for 'host.docker.internal:9003', getaddrinfo: Success.
[11] [Step Debug] ERR: Could not connect to debugging client. Tried: host.docker.internal:9003 (through xdebug.client_host/xdebug.client_port).
[11] Log closed at 2025-05-06 11:59:37.857036

[10] Log opened at 2025-05-06 12:04:55.133390
[10] [Config] INFO: Control socket set up successfully: '@xdebug-ctrl.10'
[10] [Step Debug] INFO: Connecting to configured address/port: host.docker.internal:9003.
[10] [Step Debug] WARN: Creating socket for 'host.docker.internal:9003', getaddrinfo: Success.
[10] [Step Debug] ERR: Could not connect to debugging client. Tried: host.docker.internal:9003 (through xdebug.client_host/xdebug.client_port).
[10] [Step Debug] INFO: Connecting to configured address/port: host.docker.internal:9003.
[10] [Step Debug] WARN: Creating socket for 'host.docker.internal:9003', getaddrinfo: No such file or directory.
[10] [Step Debug] ERR: Could not connect to debugging client. Tried: host.docker.internal:9003 (through xdebug.client_host/xdebug.client_port).
[10] [Step Debug] INFO: Connecting to configured address/port: host.docker.internal:9003.
[11] Log opened at 2025-05-06 12:04:55.756017
[11] [Config] INFO: Control socket set up successfully: '@xdebug-ctrl.11'
[11] [Step Debug] INFO: Connecting to configured address/port: host.docker.internal:9003.
[10] [Step Debug] WARN: Creating socket for 'host.docker.internal:9003', getaddrinfo: Success.
[10] [Step Debug] ERR: Could not connect to debugging client. Tried: host.docker.internal:9003 (through xdebug.client_host/xdebug.client_port).
[10] [Step Debug] INFO: Connecting to configured address/port: host.docker.internal:9003.
[11] [Step Debug] WARN: Creating socket for 'host.docker.internal:9003', getaddrinfo: Success.
[11] [Step Debug] ERR: Could not connect to debugging client. Tried: host.docker.internal:9003 (through xdebug.client_host/xdebug.client_port).
[10] [Step Debug] WARN: Creating socket for 'host.docker.internal:9003', getaddrinfo: Success.
[10] [Step Debug] ERR: Could not connect to debugging client. Tried: host.docker.internal:9003 (through xdebug.client_host/xdebug.client_port).
[10] [Step Debug] INFO: Connecting to configured address/port: host.docker.internal:9003.
[11] [Step Debug] INFO: Connecting to configured address/port: host.docker.internal:9003.
[10] [Step Debug] WARN: Creating socket for 'host.docker.internal:9003', getaddrinfo: Success.
[10] [Step Debug] ERR: Could not connect to debugging client. Tried: host.docker.internal:9003 (through xdebug.client_host/xdebug.client_port).
[10] Log closed at 2025-05-06 12:04:56.384770

[11] [Step Debug] WARN: Creating socket for 'host.docker.internal:9003', getaddrinfo: No such file or directory.
[11] [Step Debug] ERR: Could not connect to debugging client. Tried: host.docker.internal:9003 (through xdebug.client_host/xdebug.client_port).
[11] [Step Debug] INFO: Connecting to configured address/port: host.docker.internal:9003.
[11] [Step Debug] WARN: Creating socket for 'host.docker.internal:9003', getaddrinfo: Success.
[11] [Step Debug] ERR: Could not connect to debugging client. Tried: host.docker.internal:9003 (through xdebug.client_host/xdebug.client_port).
[11] [Step Debug] INFO: Connecting to configured address/port: host.docker.internal:9003.
[11] [Step Debug] WARN: Creating socket for 'host.docker.internal:9003', getaddrinfo: Success.
[11] [Step Debug] ERR: Could not connect to debugging client. Tried: host.docker.internal:9003 (through xdebug.client_host/xdebug.client_port).
[11] [Step Debug] INFO: Connecting to configured address/port: host.docker.internal:9003.
[11] [Step Debug] WARN: Creating socket for 'host.docker.internal:9003', getaddrinfo: Success.
[11] [Step Debug] ERR: Could not connect to debugging client. Tried: host.docker.internal:9003 (through xdebug.client_host/xdebug.client_port).
[11] Log closed at 2025-05-06 12:04:58.228431

